SF:lib/component/Item.dart
DA:12,1
DA:14,1
DA:15,1
DA:16,1
DA:17,1
DA:19,2
DA:21,2
DA:23,2
DA:25,2
DA:27,2
DA:29,2
LF:11
LH:11
end_of_record
SF:lib/component/item_factory.dart
DA:6,1
DA:14,1
DA:15,1
DA:16,1
DA:17,1
DA:18,1
DA:21,1
DA:22,1
DA:23,1
DA:24,5
DA:25,1
DA:26,5
DA:27,1
DA:28,5
LF:14
LH:14
end_of_record
SF:lib/component/ImportedItem.dart
DA:8,1
DA:9,1
DA:10,3
DA:11,2
DA:12,0
DA:13,4
DA:14,0
DA:17,6
DA:18,2
LF:9
LH:7
end_of_record
SF:lib/component/ManufacturedItem.dart
DA:6,2
DA:8,3
DA:9,6
DA:10,2
LF:4
LH:4
end_of_record
SF:lib/component/RawItem.dart
DA:6,2
DA:7,3
LF:2
LH:2
end_of_record
